<?xml version="1.0" encoding="UTF-8"?>
<!-- Generated by org.testng.reporters.JUnitReportReporter -->
<testsuite skipped="0" hostname="LAPTOP-SMGGKUE9" name="Test.Test3" tests="1" failures="0" timestamp="2022-05-23T11:00:17 IST" time="0.001" errors="0">
  <testcase name="tc3" time="0.001" classname="Test.Test3"/>
  <system-out>
    <![CDATA[hello]]>
  </system-out>
</testsuite> <!-- Test.Test3 -->
