<?xml version="1.0" encoding="UTF-8"?>
<!-- Generated by org.testng.reporters.JUnitReportReporter -->
<testsuite skipped="0" hostname="LAPTOP-SMGGKUE9" name="Selion_7.SelectPassenger" tests="1" failures="0" timestamp="2022-05-27T19:02:56 IST" time="9.132" errors="0">
  <testcase name="test" time="9.132" classname="Selion_7.SelectPassenger"/>
  <system-out/>
</testsuite> <!-- Selion_7.SelectPassenger -->
