<?xml version="1.0" encoding="UTF-8"?>
<!-- Generated by org.testng.reporters.JUnitReportReporter -->
<testsuite hostname="LAPTOP-SMGGKUE9" name="Pro.p2" tests="1" failures="0" timestamp="9 May 2022 00:42:58 GMT" time="0.004" errors="0">
  <testcase name="sut" time="0.004" classname="Pro.p2"/>
</testsuite> <!-- Pro.p2 -->
