<?xml version="1.0" encoding="UTF-8"?>
<!-- Generated by org.testng.reporters.JUnitReportReporter -->
<testsuite hostname="LAPTOP-SMGGKUE9" name="May_9.Test1" tests="1" failures="0" timestamp="21 May 2022 16:06:53 GMT" time="16.157" errors="0">
  <testcase name="create" time="16.157" classname="May_9.Test1"/>
</testsuite> <!-- May_9.Test1 -->
