<?xml version="1.0" encoding="UTF-8"?>
<!-- Generated by org.testng.reporters.JUnitReportReporter -->
<testsuite hostname="LAPTOP-SMGGKUE9" name="YouTube.Parrallel" tests="3" failures="0" timestamp="22 May 2022 17:48:40 GMT" time="26.114" errors="0">
  <testcase name="demo" time="14.368" classname="YouTube.Parrallel"/>
  <testcase name="demo" time="5.598" classname="YouTube.Parrallel"/>
  <testcase name="demo" time="6.148" classname="YouTube.Parrallel"/>
</testsuite> <!-- YouTube.Parrallel -->
