<?xml version="1.0" encoding="UTF-8"?>
<!-- Generated by org.testng.reporters.JUnitReportReporter -->
<testsuite hostname="LAPTOP-SMGGKUE9" name="Pro.p1" tests="2" failures="0" timestamp="6 May 2022 13:41:17 GMT" time="0.002" errors="0">
  <testcase name="second" time="0.001" classname="Pro.p1"/>
  <testcase name="demo" time="0.001" classname="Pro.p1"/>
</testsuite> <!-- Pro.p1 -->
