<?xml version="1.0" encoding="UTF-8"?>
<!-- Generated by org.testng.reporters.JUnitReportReporter -->
<testsuite hostname="LAPTOP-SMGGKUE9" name="May_10.Program1" tests="3" failures="0" timestamp="10 May 2022 05:00:19 GMT" time="29.890" errors="0">
  <testcase name="demo" time="11.244" classname="May_10.Program1"/>
  <testcase name="demo" time="9.775" classname="May_10.Program1"/>
  <testcase name="demo" time="8.871" classname="May_10.Program1"/>
</testsuite> <!-- May_10.Program1 -->
