<?xml version="1.0" encoding="UTF-8"?>
<!-- Generated by org.testng.reporters.JUnitReportReporter -->
<testsuite hostname="LAPTOP-SMGGKUE9" name="May_7.Program1" tests="1" failures="0" timestamp="7 May 2022 03:14:54 GMT" time="0.006" errors="0">
  <testcase name="tc" time="0.006" classname="May_7.Program1"/>
</testsuite> <!-- May_7.Program1 -->
