<?xml version="1.0" encoding="UTF-8"?>
<!-- Generated by org.testng.reporters.JUnitReportReporter -->
<testsuite hostname="LAPTOP-SMGGKUE9" name="Program2" tests="4" failures="0" timestamp="7 May 2022 03:31:30 GMT" time="0.013" errors="0">
  <testcase name="jo" time="0.001" classname="Program2"/>
  <testcase name="hi" time="0.009" classname="Program2"/>
  <testcase name="jo" time="0.002" classname="Program2"/>
  <testcase name="go" time="0.001" classname="Program2"/>
</testsuite> <!-- Program2 -->
