<?xml version="1.0" encoding="UTF-8"?>
<!-- Generated by org.testng.reporters.JUnitReportReporter -->
<testsuite hostname="LAPTOP-SMGGKUE9" name="Pro.Car" tests="1" failures="0" timestamp="9 May 2022 00:18:38 GMT" time="0.004" errors="0">
  <testcase name="slow" time="0.004" classname="Pro.Car"/>
</testsuite> <!-- Pro.Car -->
