<?xml version="1.0" encoding="UTF-8"?>
<!-- Generated by org.testng.reporters.JUnitReportReporter -->
<testsuite hostname="LAPTOP-SMGGKUE9" name="Pro.P3" tests="1" failures="0" timestamp="9 May 2022 00:42:58 GMT" time="0.006" errors="0">
  <testcase name="test1" time="0.006" classname="Pro.P3"/>
</testsuite> <!-- Pro.P3 -->
