<?xml version="1.0" encoding="UTF-8"?>
<!-- Generated by org.testng.reporters.JUnitReportReporter -->
<testsuite skipped="0" hostname="LAPTOP-SMGGKUE9" name="Udemy.Cookies" tests="1" failures="0" timestamp="2022-06-04T18:57:50 IST" time="5.863" errors="0">
  <testcase name="test" time="5.863" classname="Udemy.Cookies"/>
  <system-out/>
</testsuite> <!-- Udemy.Cookies -->
