<?xml version="1.0" encoding="UTF-8"?>
<!-- Generated by org.testng.reporters.JUnitReportReporter -->
<testsuite skipped="0" hostname="LAPTOP-SMGGKUE9" name="Test.UserName" tests="3" failures="0" timestamp="2022-06-06T21:25:05 IST" time="0.011" errors="0">
  <testcase name="test" time="0.001" classname="Test.UserName"/>
  <system-out/>
  <testcase name="test" time="0.007" classname="Test.UserName"/>
  <system-out/>
  <testcase name="test" time="0.003" classname="Test.UserName"/>
  <system-out/>
</testsuite> <!-- Test.UserName -->
