<?xml version="1.0" encoding="UTF-8"?>
<!-- Generated by org.testng.reporters.JUnitReportReporter -->
<testsuite skipped="0" hostname="LAPTOP-SMGGKUE9" name="Test.Test1" tests="2" failures="0" timestamp="2022-06-06T22:23:34 IST" time="0.007" errors="0">
  <testcase name="test1" time="0.007" classname="Test.Test1"/>
  <system-out/>
  <testcase name="tc" time="0.000" classname="Test.Test1"/>
  <system-out/>
</testsuite> <!-- Test.Test1 -->
