<?xml version="1.0" encoding="UTF-8"?>
<!-- Generated by org.testng.reporters.JUnitReportReporter -->
<testsuite skipped="1" hostname="LAPTOP-SMGGKUE9" name="Test.Test2" tests="3" failures="0" timestamp="2022-06-06T22:23:34 IST" time="0.006" errors="0">
  <testcase name="MobileTest2" time="0.005" classname="Test.Test2"/>
  <system-out/>
  <testcase name="MobileTest1" time="0.001" classname="Test.Test2"/>
  <system-out/>
  <testcase name="MobileTc" classname="Test.Test2">
    <skipped/>
  </testcase> <!-- MobileTc -->
  <system-out/>
</testsuite> <!-- Test.Test2 -->
