<?xml version="1.0" encoding="UTF-8"?>
<!-- Generated by org.testng.reporters.JUnitReportReporter -->
<testsuite hostname="LAPTOP-SMGGKUE9" name="JavaStream.PrintNameLast" tests="1" failures="0" timestamp="20 May 2022 13:03:16 GMT" time="0.021" errors="0">
  <testcase name="demo" time="0.021" classname="JavaStream.PrintNameLast"/>
</testsuite> <!-- JavaStream.PrintNameLast -->
