<?xml version="1.0" encoding="UTF-8"?>
<!-- Generated by org.testng.reporters.JUnitReportReporter -->
<testsuite hostname="LAPTOP-SMGGKUE9" name="JavaStream.Test1" tests="1" failures="0" timestamp="17 May 2022 15:06:08 GMT" time="0.005" errors="0">
  <testcase name="regular" time="0.005" classname="JavaStream.Test1"/>
</testsuite> <!-- JavaStream.Test1 -->
