<?xml version="1.0" encoding="UTF-8"?>
<!-- Generated by org.testng.reporters.JUnitReportReporter -->
<testsuite hostname="LAPTOP-SMGGKUE9" name="JavaStream.Test2" tests="1" failures="0" timestamp="17 May 2022 15:31:17 GMT" time="0.011" errors="0">
  <testcase name="App" time="0.011" classname="JavaStream.Test2"/>
</testsuite> <!-- JavaStream.Test2 -->
