<?xml version="1.0" encoding="UTF-8"?>
<!-- Generated by org.testng.reporters.JUnitReportReporter -->
<testsuite hostname="LAPTOP-SMGGKUE9" name="GreenCart" tests="1" failures="0" timestamp="20 May 2022 15:02:54 GMT" time="3.080" errors="0">
  <testcase name="test" time="3.080" classname="GreenCart"/>
</testsuite> <!-- GreenCart -->
