<?xml version="1.0" encoding="UTF-8"?>
<!-- Generated by org.testng.reporters.JUnitReportReporter -->
<testsuite hostname="LAPTOP-SMGGKUE9" name="JavaStream.Test3" tests="1" failures="0" timestamp="18 May 2022 14:29:06 GMT" time="0.014" errors="0">
  <testcase name="Application" time="0.014" classname="JavaStream.Test3"/>
</testsuite> <!-- JavaStream.Test3 -->
