<?xml version="1.0" encoding="UTF-8"?>
<!-- Generated by org.testng.reporters.JUnitReportReporter -->
<testsuite hostname="LAPTOP-SMGGKUE9" name="Frame.Test1" tests="2" failures="0" timestamp="9 May 2022 04:31:55 GMT" time="10.450" errors="0">
  <testcase name="login" time="5.371" classname="Frame.Test1"/>
  <testcase name="login" time="5.079" classname="Frame.Test1"/>
</testsuite> <!-- Frame.Test1 -->
