<?xml version="1.0" encoding="UTF-8"?>
<!-- Generated by org.testng.reporters.JUnitReportReporter -->
<testsuite hostname="LAPTOP-SMGGKUE9" name="JavaStream.SortNumber" tests="1" failures="0" timestamp="20 May 2022 14:01:24 GMT" time="0.010" errors="0">
  <testcase name="test" time="0.010" classname="JavaStream.SortNumber"/>
</testsuite> <!-- JavaStream.SortNumber -->
