<?xml version="1.0" encoding="UTF-8"?>
<!-- Generated by org.testng.reporters.JUnitReportReporter -->
<testsuite hostname="LAPTOP-SMGGKUE9" name="Action.DoubleClick" tests="1" failures="0" timestamp="9 May 2022 15:14:45 GMT" time="6.653" errors="0">
  <testcase name="doubleClick" time="6.653" classname="Action.DoubleClick"/>
</testsuite> <!-- Action.DoubleClick -->
