<?xml version="1.0" encoding="UTF-8"?>
<!-- Generated by org.testng.reporters.JUnitReportReporter -->
<testsuite hostname="LAPTOP-SMGGKUE9" name="Action.RightClick" tests="1" failures="0" timestamp="9 May 2022 15:24:52 GMT" time="4.356" errors="0">
  <testcase name="rightClick" time="4.356" classname="Action.RightClick"/>
</testsuite> <!-- Action.RightClick -->
