<?xml version="1.0" encoding="UTF-8"?>
<!-- Generated by org.testng.reporters.JUnitReportReporter -->
<testsuite hostname="LAPTOP-SMGGKUE9" name="Action.DragAndDrop" tests="1" failures="0" timestamp="9 May 2022 15:49:47 GMT" time="5.300" errors="0">
  <testcase name="drangAndDrop" time="5.300" classname="Action.DragAndDrop"/>
</testsuite> <!-- Action.DragAndDrop -->
